<?xml version="1.0" encoding="UTF-8"?>
<testsuite name="org.order.DatabaseTests" tests="12" skipped="0" failures="0" errors="0" timestamp="2019-09-15T21:02:48" hostname="alex-pc" time="0.695">
  <properties/>
  <testcase name="createData" classname="org.order.DatabaseTests" time="0.654"/>
  <testcase name="testGradeUser" classname="org.order.DatabaseTests" time="0.016"/>
  <testcase name="testRightUser" classname="org.order.DatabaseTests" time="0.007"/>
  <testcase name="testOrderUser" classname="org.order.DatabaseTests" time="0.005"/>
  <testcase name="testIngredientMenu" classname="org.order.DatabaseTests" time="0.002"/>
  <testcase name="testUsersCount" classname="org.order.DatabaseTests" time="0.003"/>
  <testcase name="testGradesCount" classname="org.order.DatabaseTests" time="0.002"/>
  <testcase name="testRightsCount" classname="org.order.DatabaseTests" time="0.001"/>
  <testcase name="testMenusCount" classname="org.order.DatabaseTests" time="0.001"/>
  <testcase name="testIngredientsCount" classname="org.order.DatabaseTests" time="0.001"/>
  <testcase name="testOrdersCount" classname="org.order.DatabaseTests" time="0.001"/>
  <testcase name="testPaymentsCount" classname="org.order.DatabaseTests" time="0.001"/>
  <system-out><![CDATA[]]></system-out>
  <system-err><![CDATA[SLF4J: Failed to load class "org.slf4j.impl.StaticLoggerBinder".
SLF4J: Defaulting to no-operation (NOP) logger implementation
SLF4J: See http://www.slf4j.org/codes.html#StaticLoggerBinder for further details.
]]></system-err>
</testsuite>
